2024-04-11 15:08:47 [main] ERROR o.a.dubbo.config.ReferenceConfig -  [DUBBO] No provider available., dubbo version: 3.2.10, current host: 2.0.0.1, error code: 2-2. This may be caused by provider not started, go to https://dubbo.apache.org/faq/2/2 to find instructions. 
java.lang.IllegalStateException: Failed to check the status of the service com.sosd.cloud.service.DemoService. No provider available for the service com.sosd.cloud.service.DemoService from the url consumer://2.0.0.1/com.sosd.cloud.service.DemoService?application=dubbo-service&background=false&dubbo=2.0.2&executor-management-mode=isolation&file-cache=true&interface=com.sosd.cloud.service.DemoService&logger=slf4j&methods=hello&pid=2264&register.ip=2.0.0.1&release=3.2.10&side=consumer&sticky=false&timestamp=1712819294806&unloadClusterRelated=false to the consumer 2.0.0.1 use dubbo version 3.2.10
	at org.apache.dubbo.config.ReferenceConfig.checkInvokerAvailable(ReferenceConfig.java:740)
	at org.apache.dubbo.config.ReferenceConfig.checkOrDestroy(ReferenceConfig.java:250)
	at org.apache.dubbo.config.utils.SimpleReferenceCache.check(SimpleReferenceCache.java:225)
	at org.apache.dubbo.config.utils.SimpleReferenceCache.check(SimpleReferenceCache.java:233)
	at org.apache.dubbo.config.deploy.DefaultModuleDeployer.checkReferences(DefaultModuleDeployer.java:441)
	at org.apache.dubbo.config.deploy.DefaultModuleDeployer.startSync(DefaultModuleDeployer.java:194)
	at org.apache.dubbo.config.deploy.DefaultModuleDeployer.start(DefaultModuleDeployer.java:156)
	at org.apache.dubbo.config.spring.context.DubboDeployApplicationListener.onContextRefreshedEvent(DubboDeployApplicationListener.java:157)
	at org.apache.dubbo.config.spring.context.DubboDeployApplicationListener.onApplicationEvent(DubboDeployApplicationListener.java:143)
	at org.apache.dubbo.config.spring.context.DubboDeployApplicationListener.onApplicationEvent(DubboDeployApplicationListener.java:52)
	at org.springframework.context.event.SimpleApplicationEventMulticaster.doInvokeListener(SimpleApplicationEventMulticaster.java:176)
	at org.springframework.context.event.SimpleApplicationEventMulticaster.invokeListener(SimpleApplicationEventMulticaster.java:169)
	at org.springframework.context.event.SimpleApplicationEventMulticaster.multicastEvent(SimpleApplicationEventMulticaster.java:143)
	at org.springframework.context.support.AbstractApplicationContext.publishEvent(AbstractApplicationContext.java:421)
	at org.springframework.context.support.AbstractApplicationContext.publishEvent(AbstractApplicationContext.java:378)
	at org.springframework.context.support.AbstractApplicationContext.finishRefresh(AbstractApplicationContext.java:940)
	at org.springframework.context.support.AbstractApplicationContext.refresh(AbstractApplicationContext.java:586)
	at org.springframework.boot.web.servlet.context.ServletWebServerApplicationContext.refresh(ServletWebServerApplicationContext.java:147)
	at org.springframework.boot.SpringApplication.refresh(SpringApplication.java:731)
	at org.springframework.boot.SpringApplication.refreshContext(SpringApplication.java:408)
	at org.springframework.boot.SpringApplication.run(SpringApplication.java:307)
	at org.springframework.boot.SpringApplication.run(SpringApplication.java:1303)
	at org.springframework.boot.SpringApplication.run(SpringApplication.java:1292)
	at com.sosd.cloud.CloudApplication.main(CloudApplication.java:18)
2024-04-11 15:08:47 [main] ERROR o.a.dubbo.config.ReferenceConfig -  [DUBBO] No provider available., dubbo version: 3.2.10, current host: 2.0.0.1, error code: 2-2. This may be caused by server crashed, go to https://dubbo.apache.org/faq/2/2 to find instructions. 
java.lang.IllegalStateException: Failed to check the status of the service com.sosd.cloud.service.DemoService. No provider available for the service com.sosd.cloud.service.DemoService from the url consumer://2.0.0.1/com.sosd.cloud.service.DemoService?application=dubbo-service&background=false&dubbo=2.0.2&executor-management-mode=isolation&file-cache=true&interface=com.sosd.cloud.service.DemoService&logger=slf4j&methods=hello&pid=2264&register.ip=2.0.0.1&release=3.2.10&side=consumer&sticky=false&timestamp=1712819294806&unloadClusterRelated=false to the consumer 2.0.0.1 use dubbo version 3.2.10
	at org.apache.dubbo.config.ReferenceConfig.checkInvokerAvailable(ReferenceConfig.java:740)
	at org.apache.dubbo.config.ReferenceConfig.checkOrDestroy(ReferenceConfig.java:250)
	at org.apache.dubbo.config.utils.SimpleReferenceCache.check(SimpleReferenceCache.java:225)
	at org.apache.dubbo.config.utils.SimpleReferenceCache.check(SimpleReferenceCache.java:233)
	at org.apache.dubbo.config.deploy.DefaultModuleDeployer.checkReferences(DefaultModuleDeployer.java:441)
	at org.apache.dubbo.config.deploy.DefaultModuleDeployer.startSync(DefaultModuleDeployer.java:194)
	at org.apache.dubbo.config.deploy.DefaultModuleDeployer.start(DefaultModuleDeployer.java:156)
	at org.apache.dubbo.config.spring.context.DubboDeployApplicationListener.onContextRefreshedEvent(DubboDeployApplicationListener.java:157)
	at org.apache.dubbo.config.spring.context.DubboDeployApplicationListener.onApplicationEvent(DubboDeployApplicationListener.java:143)
	at org.apache.dubbo.config.spring.context.DubboDeployApplicationListener.onApplicationEvent(DubboDeployApplicationListener.java:52)
	at org.springframework.context.event.SimpleApplicationEventMulticaster.doInvokeListener(SimpleApplicationEventMulticaster.java:176)
	at org.springframework.context.event.SimpleApplicationEventMulticaster.invokeListener(SimpleApplicationEventMulticaster.java:169)
	at org.springframework.context.event.SimpleApplicationEventMulticaster.multicastEvent(SimpleApplicationEventMulticaster.java:143)
	at org.springframework.context.support.AbstractApplicationContext.publishEvent(AbstractApplicationContext.java:421)
	at org.springframework.context.support.AbstractApplicationContext.publishEvent(AbstractApplicationContext.java:378)
	at org.springframework.context.support.AbstractApplicationContext.finishRefresh(AbstractApplicationContext.java:940)
	at org.springframework.context.support.AbstractApplicationContext.refresh(AbstractApplicationContext.java:586)
	at org.springframework.boot.web.servlet.context.ServletWebServerApplicationContext.refresh(ServletWebServerApplicationContext.java:147)
	at org.springframework.boot.SpringApplication.refresh(SpringApplication.java:731)
	at org.springframework.boot.SpringApplication.refreshContext(SpringApplication.java:408)
	at org.springframework.boot.SpringApplication.run(SpringApplication.java:307)
	at org.springframework.boot.SpringApplication.run(SpringApplication.java:1303)
	at org.springframework.boot.SpringApplication.run(SpringApplication.java:1292)
	at com.sosd.cloud.CloudApplication.main(CloudApplication.java:18)
2024-04-11 15:08:47 [main] ERROR o.a.d.c.deploy.DefaultModuleDeployer -  [DUBBO] Model start failed: Dubbo Module[1.1.1] start failed: java.lang.IllegalStateException: Failed to check the status of the service com.sosd.cloud.service.DemoService. No provider available for the service com.sosd.cloud.service.DemoService from the url consumer://2.0.0.1/com.sosd.cloud.service.DemoService?application=dubbo-service&background=false&dubbo=2.0.2&executor-management-mode=isolation&file-cache=true&interface=com.sosd.cloud.service.DemoService&logger=slf4j&methods=hello&pid=2264&register.ip=2.0.0.1&release=3.2.10&side=consumer&sticky=false&timestamp=1712819294806&unloadClusterRelated=false to the consumer 2.0.0.1 use dubbo version 3.2.10, dubbo version: 3.2.10, current host: 2.0.0.1, error code: 5-14. This may be caused by , go to https://dubbo.apache.org/faq/5/14 to find instructions. 
java.lang.IllegalStateException: Failed to check the status of the service com.sosd.cloud.service.DemoService. No provider available for the service com.sosd.cloud.service.DemoService from the url consumer://2.0.0.1/com.sosd.cloud.service.DemoService?application=dubbo-service&background=false&dubbo=2.0.2&executor-management-mode=isolation&file-cache=true&interface=com.sosd.cloud.service.DemoService&logger=slf4j&methods=hello&pid=2264&register.ip=2.0.0.1&release=3.2.10&side=consumer&sticky=false&timestamp=1712819294806&unloadClusterRelated=false to the consumer 2.0.0.1 use dubbo version 3.2.10
	at org.apache.dubbo.config.ReferenceConfig.checkInvokerAvailable(ReferenceConfig.java:740)
	at org.apache.dubbo.config.ReferenceConfig.checkOrDestroy(ReferenceConfig.java:250)
	at org.apache.dubbo.config.utils.SimpleReferenceCache.check(SimpleReferenceCache.java:225)
	at org.apache.dubbo.config.utils.SimpleReferenceCache.check(SimpleReferenceCache.java:233)
	at org.apache.dubbo.config.deploy.DefaultModuleDeployer.checkReferences(DefaultModuleDeployer.java:441)
	at org.apache.dubbo.config.deploy.DefaultModuleDeployer.startSync(DefaultModuleDeployer.java:194)
	at org.apache.dubbo.config.deploy.DefaultModuleDeployer.start(DefaultModuleDeployer.java:156)
	at org.apache.dubbo.config.spring.context.DubboDeployApplicationListener.onContextRefreshedEvent(DubboDeployApplicationListener.java:157)
	at org.apache.dubbo.config.spring.context.DubboDeployApplicationListener.onApplicationEvent(DubboDeployApplicationListener.java:143)
	at org.apache.dubbo.config.spring.context.DubboDeployApplicationListener.onApplicationEvent(DubboDeployApplicationListener.java:52)
	at org.springframework.context.event.SimpleApplicationEventMulticaster.doInvokeListener(SimpleApplicationEventMulticaster.java:176)
	at org.springframework.context.event.SimpleApplicationEventMulticaster.invokeListener(SimpleApplicationEventMulticaster.java:169)
	at org.springframework.context.event.SimpleApplicationEventMulticaster.multicastEvent(SimpleApplicationEventMulticaster.java:143)
	at org.springframework.context.support.AbstractApplicationContext.publishEvent(AbstractApplicationContext.java:421)
	at org.springframework.context.support.AbstractApplicationContext.publishEvent(AbstractApplicationContext.java:378)
	at org.springframework.context.support.AbstractApplicationContext.finishRefresh(AbstractApplicationContext.java:940)
	at org.springframework.context.support.AbstractApplicationContext.refresh(AbstractApplicationContext.java:586)
	at org.springframework.boot.web.servlet.context.ServletWebServerApplicationContext.refresh(ServletWebServerApplicationContext.java:147)
	at org.springframework.boot.SpringApplication.refresh(SpringApplication.java:731)
	at org.springframework.boot.SpringApplication.refreshContext(SpringApplication.java:408)
	at org.springframework.boot.SpringApplication.run(SpringApplication.java:307)
	at org.springframework.boot.SpringApplication.run(SpringApplication.java:1303)
	at org.springframework.boot.SpringApplication.run(SpringApplication.java:1292)
	at com.sosd.cloud.CloudApplication.main(CloudApplication.java:18)
2024-04-11 15:08:47 [main] ERROR o.a.d.c.d.DefaultApplicationDeployer -  [DUBBO] Dubbo Application[1.1](dubbo-service) found failed module: Dubbo Module[1.1.1], dubbo version: 3.2.10, current host: 2.0.0.1, error code: 5-14. This may be caused by , go to https://dubbo.apache.org/faq/5/14 to find instructions. 
java.lang.IllegalStateException: Failed to check the status of the service com.sosd.cloud.service.DemoService. No provider available for the service com.sosd.cloud.service.DemoService from the url consumer://2.0.0.1/com.sosd.cloud.service.DemoService?application=dubbo-service&background=false&dubbo=2.0.2&executor-management-mode=isolation&file-cache=true&interface=com.sosd.cloud.service.DemoService&logger=slf4j&methods=hello&pid=2264&register.ip=2.0.0.1&release=3.2.10&side=consumer&sticky=false&timestamp=1712819294806&unloadClusterRelated=false to the consumer 2.0.0.1 use dubbo version 3.2.10
	at org.apache.dubbo.config.ReferenceConfig.checkInvokerAvailable(ReferenceConfig.java:740)
	at org.apache.dubbo.config.ReferenceConfig.checkOrDestroy(ReferenceConfig.java:250)
	at org.apache.dubbo.config.utils.SimpleReferenceCache.check(SimpleReferenceCache.java:225)
	at org.apache.dubbo.config.utils.SimpleReferenceCache.check(SimpleReferenceCache.java:233)
	at org.apache.dubbo.config.deploy.DefaultModuleDeployer.checkReferences(DefaultModuleDeployer.java:441)
	at org.apache.dubbo.config.deploy.DefaultModuleDeployer.startSync(DefaultModuleDeployer.java:194)
	at org.apache.dubbo.config.deploy.DefaultModuleDeployer.start(DefaultModuleDeployer.java:156)
	at org.apache.dubbo.config.spring.context.DubboDeployApplicationListener.onContextRefreshedEvent(DubboDeployApplicationListener.java:157)
	at org.apache.dubbo.config.spring.context.DubboDeployApplicationListener.onApplicationEvent(DubboDeployApplicationListener.java:143)
	at org.apache.dubbo.config.spring.context.DubboDeployApplicationListener.onApplicationEvent(DubboDeployApplicationListener.java:52)
	at org.springframework.context.event.SimpleApplicationEventMulticaster.doInvokeListener(SimpleApplicationEventMulticaster.java:176)
	at org.springframework.context.event.SimpleApplicationEventMulticaster.invokeListener(SimpleApplicationEventMulticaster.java:169)
	at org.springframework.context.event.SimpleApplicationEventMulticaster.multicastEvent(SimpleApplicationEventMulticaster.java:143)
	at org.springframework.context.support.AbstractApplicationContext.publishEvent(AbstractApplicationContext.java:421)
	at org.springframework.context.support.AbstractApplicationContext.publishEvent(AbstractApplicationContext.java:378)
	at org.springframework.context.support.AbstractApplicationContext.finishRefresh(AbstractApplicationContext.java:940)
	at org.springframework.context.support.AbstractApplicationContext.refresh(AbstractApplicationContext.java:586)
	at org.springframework.boot.web.servlet.context.ServletWebServerApplicationContext.refresh(ServletWebServerApplicationContext.java:147)
	at org.springframework.boot.SpringApplication.refresh(SpringApplication.java:731)
	at org.springframework.boot.SpringApplication.refreshContext(SpringApplication.java:408)
	at org.springframework.boot.SpringApplication.run(SpringApplication.java:307)
	at org.springframework.boot.SpringApplication.run(SpringApplication.java:1303)
	at org.springframework.boot.SpringApplication.run(SpringApplication.java:1292)
	at com.sosd.cloud.CloudApplication.main(CloudApplication.java:18)
2024-04-11 15:08:47 [main] ERROR o.s.boot.SpringApplication - Application run failed
java.lang.IllegalStateException: Failed to check the status of the service com.sosd.cloud.service.DemoService. No provider available for the service com.sosd.cloud.service.DemoService from the url consumer://2.0.0.1/com.sosd.cloud.service.DemoService?application=dubbo-service&background=false&dubbo=2.0.2&executor-management-mode=isolation&file-cache=true&interface=com.sosd.cloud.service.DemoService&logger=slf4j&methods=hello&pid=2264&register.ip=2.0.0.1&release=3.2.10&side=consumer&sticky=false&timestamp=1712819294806&unloadClusterRelated=false to the consumer 2.0.0.1 use dubbo version 3.2.10
	at org.apache.dubbo.config.ReferenceConfig.checkInvokerAvailable(ReferenceConfig.java:740)
	at org.apache.dubbo.config.ReferenceConfig.checkOrDestroy(ReferenceConfig.java:250)
	at org.apache.dubbo.config.utils.SimpleReferenceCache.check(SimpleReferenceCache.java:225)
	at org.apache.dubbo.config.utils.SimpleReferenceCache.check(SimpleReferenceCache.java:233)
	at org.apache.dubbo.config.deploy.DefaultModuleDeployer.checkReferences(DefaultModuleDeployer.java:441)
	at org.apache.dubbo.config.deploy.DefaultModuleDeployer.startSync(DefaultModuleDeployer.java:194)
	at org.apache.dubbo.config.deploy.DefaultModuleDeployer.start(DefaultModuleDeployer.java:156)
	at org.apache.dubbo.config.spring.context.DubboDeployApplicationListener.onContextRefreshedEvent(DubboDeployApplicationListener.java:157)
	at org.apache.dubbo.config.spring.context.DubboDeployApplicationListener.onApplicationEvent(DubboDeployApplicationListener.java:143)
	at org.apache.dubbo.config.spring.context.DubboDeployApplicationListener.onApplicationEvent(DubboDeployApplicationListener.java:52)
	at org.springframework.context.event.SimpleApplicationEventMulticaster.doInvokeListener(SimpleApplicationEventMulticaster.java:176)
	at org.springframework.context.event.SimpleApplicationEventMulticaster.invokeListener(SimpleApplicationEventMulticaster.java:169)
	at org.springframework.context.event.SimpleApplicationEventMulticaster.multicastEvent(SimpleApplicationEventMulticaster.java:143)
	at org.springframework.context.support.AbstractApplicationContext.publishEvent(AbstractApplicationContext.java:421)
	at org.springframework.context.support.AbstractApplicationContext.publishEvent(AbstractApplicationContext.java:378)
	at org.springframework.context.support.AbstractApplicationContext.finishRefresh(AbstractApplicationContext.java:940)
	at org.springframework.context.support.AbstractApplicationContext.refresh(AbstractApplicationContext.java:586)
	at org.springframework.boot.web.servlet.context.ServletWebServerApplicationContext.refresh(ServletWebServerApplicationContext.java:147)
	at org.springframework.boot.SpringApplication.refresh(SpringApplication.java:731)
	at org.springframework.boot.SpringApplication.refreshContext(SpringApplication.java:408)
	at org.springframework.boot.SpringApplication.run(SpringApplication.java:307)
	at org.springframework.boot.SpringApplication.run(SpringApplication.java:1303)
	at org.springframework.boot.SpringApplication.run(SpringApplication.java:1292)
	at com.sosd.cloud.CloudApplication.main(CloudApplication.java:18)
2024-04-11 15:08:48 [main] ERROR o.a.dubbo.config.ReferenceConfig -  [DUBBO] No provider available., dubbo version: 3.2.10, current host: 2.0.0.1, error code: 2-2. This may be caused by provider not started, go to https://dubbo.apache.org/faq/2/2 to find instructions. 
java.lang.IllegalStateException: Failed to check the status of the service com.sosd.cloud.service.DemoService. No provider available for the service com.sosd.cloud.service.DemoService from the url consumer://2.0.0.1/com.sosd.cloud.service.DemoService?application=dubbo-service&background=false&dubbo=2.0.2&executor-management-mode=isolation&file-cache=true&interface=com.sosd.cloud.service.DemoService&logger=slf4j&methods=hello&pid=2264&register.ip=2.0.0.1&release=3.2.10&side=consumer&sticky=false&timestamp=1712819327550&unloadClusterRelated=false to the consumer 2.0.0.1 use dubbo version 3.2.10
	at org.apache.dubbo.config.ReferenceConfig.checkInvokerAvailable(ReferenceConfig.java:740)
	at org.apache.dubbo.config.ReferenceConfig.init(ReferenceConfig.java:379)
	at org.apache.dubbo.config.ReferenceConfig.get(ReferenceConfig.java:238)
	at org.apache.dubbo.config.ReferenceConfigBase.get(ReferenceConfigBase.java:395)
	at org.apache.dubbo.config.utils.SimpleReferenceCache.destroyReference(SimpleReferenceCache.java:294)
	at org.apache.dubbo.config.utils.SimpleReferenceCache.lambda$destroyAll$4(SimpleReferenceCache.java:285)
	at java.base/java.util.concurrent.ConcurrentHashMap.forEach(ConcurrentHashMap.java:1603)
	at org.apache.dubbo.config.utils.SimpleReferenceCache.destroyAll(SimpleReferenceCache.java:283)
	at org.apache.dubbo.config.deploy.DefaultModuleDeployer.unreferServices(DefaultModuleDeployer.java:566)
	at org.apache.dubbo.config.deploy.DefaultModuleDeployer.postDestroy(DefaultModuleDeployer.java:296)
	at org.apache.dubbo.rpc.model.ModuleModel.onDestroy(ModuleModel.java:111)
	at org.apache.dubbo.rpc.model.ScopeModel.destroy(ScopeModel.java:122)
	at org.apache.dubbo.config.spring.context.DubboDeployApplicationListener.onContextClosedEvent(DubboDeployApplicationListener.java:189)
	at org.apache.dubbo.config.spring.context.DubboDeployApplicationListener.onApplicationEvent(DubboDeployApplicationListener.java:145)
	at org.apache.dubbo.config.spring.context.DubboDeployApplicationListener.onApplicationEvent(DubboDeployApplicationListener.java:52)
	at org.springframework.context.event.SimpleApplicationEventMulticaster.doInvokeListener(SimpleApplicationEventMulticaster.java:176)
	at org.springframework.context.event.SimpleApplicationEventMulticaster.invokeListener(SimpleApplicationEventMulticaster.java:169)
	at org.springframework.context.event.SimpleApplicationEventMulticaster.multicastEvent(SimpleApplicationEventMulticaster.java:143)
	at org.springframework.context.support.AbstractApplicationContext.publishEvent(AbstractApplicationContext.java:421)
	at org.springframework.context.support.AbstractApplicationContext.publishEvent(AbstractApplicationContext.java:378)
	at org.springframework.context.support.AbstractApplicationContext.doClose(AbstractApplicationContext.java:1060)
	at org.springframework.boot.web.servlet.context.ServletWebServerApplicationContext.doClose(ServletWebServerApplicationContext.java:174)
	at org.springframework.context.support.AbstractApplicationContext.close(AbstractApplicationContext.java:1023)
	at org.springframework.boot.SpringApplication.handleRunFailure(SpringApplication.java:787)
	at org.springframework.boot.SpringApplication.run(SpringApplication.java:317)
	at org.springframework.boot.SpringApplication.run(SpringApplication.java:1303)
	at org.springframework.boot.SpringApplication.run(SpringApplication.java:1292)
	at com.sosd.cloud.CloudApplication.main(CloudApplication.java:18)
2024-04-11 15:08:48 [main] ERROR o.a.dubbo.config.ReferenceConfig -  [DUBBO] No provider available., dubbo version: 3.2.10, current host: 2.0.0.1, error code: 2-2. This may be caused by server crashed, go to https://dubbo.apache.org/faq/2/2 to find instructions. 
java.lang.IllegalStateException: Failed to check the status of the service com.sosd.cloud.service.DemoService. No provider available for the service com.sosd.cloud.service.DemoService from the url consumer://2.0.0.1/com.sosd.cloud.service.DemoService?application=dubbo-service&background=false&dubbo=2.0.2&executor-management-mode=isolation&file-cache=true&interface=com.sosd.cloud.service.DemoService&logger=slf4j&methods=hello&pid=2264&register.ip=2.0.0.1&release=3.2.10&side=consumer&sticky=false&timestamp=1712819327550&unloadClusterRelated=false to the consumer 2.0.0.1 use dubbo version 3.2.10
	at org.apache.dubbo.config.ReferenceConfig.checkInvokerAvailable(ReferenceConfig.java:740)
	at org.apache.dubbo.config.ReferenceConfig.init(ReferenceConfig.java:379)
	at org.apache.dubbo.config.ReferenceConfig.get(ReferenceConfig.java:238)
	at org.apache.dubbo.config.ReferenceConfigBase.get(ReferenceConfigBase.java:395)
	at org.apache.dubbo.config.utils.SimpleReferenceCache.destroyReference(SimpleReferenceCache.java:294)
	at org.apache.dubbo.config.utils.SimpleReferenceCache.lambda$destroyAll$4(SimpleReferenceCache.java:285)
	at java.base/java.util.concurrent.ConcurrentHashMap.forEach(ConcurrentHashMap.java:1603)
	at org.apache.dubbo.config.utils.SimpleReferenceCache.destroyAll(SimpleReferenceCache.java:283)
	at org.apache.dubbo.config.deploy.DefaultModuleDeployer.unreferServices(DefaultModuleDeployer.java:566)
	at org.apache.dubbo.config.deploy.DefaultModuleDeployer.postDestroy(DefaultModuleDeployer.java:296)
	at org.apache.dubbo.rpc.model.ModuleModel.onDestroy(ModuleModel.java:111)
	at org.apache.dubbo.rpc.model.ScopeModel.destroy(ScopeModel.java:122)
	at org.apache.dubbo.config.spring.context.DubboDeployApplicationListener.onContextClosedEvent(DubboDeployApplicationListener.java:189)
	at org.apache.dubbo.config.spring.context.DubboDeployApplicationListener.onApplicationEvent(DubboDeployApplicationListener.java:145)
	at org.apache.dubbo.config.spring.context.DubboDeployApplicationListener.onApplicationEvent(DubboDeployApplicationListener.java:52)
	at org.springframework.context.event.SimpleApplicationEventMulticaster.doInvokeListener(SimpleApplicationEventMulticaster.java:176)
	at org.springframework.context.event.SimpleApplicationEventMulticaster.invokeListener(SimpleApplicationEventMulticaster.java:169)
	at org.springframework.context.event.SimpleApplicationEventMulticaster.multicastEvent(SimpleApplicationEventMulticaster.java:143)
	at org.springframework.context.support.AbstractApplicationContext.publishEvent(AbstractApplicationContext.java:421)
	at org.springframework.context.support.AbstractApplicationContext.publishEvent(AbstractApplicationContext.java:378)
	at org.springframework.context.support.AbstractApplicationContext.doClose(AbstractApplicationContext.java:1060)
	at org.springframework.boot.web.servlet.context.ServletWebServerApplicationContext.doClose(ServletWebServerApplicationContext.java:174)
	at org.springframework.context.support.AbstractApplicationContext.close(AbstractApplicationContext.java:1023)
	at org.springframework.boot.SpringApplication.handleRunFailure(SpringApplication.java:787)
	at org.springframework.boot.SpringApplication.run(SpringApplication.java:317)
	at org.springframework.boot.SpringApplication.run(SpringApplication.java:1303)
	at org.springframework.boot.SpringApplication.run(SpringApplication.java:1292)
	at com.sosd.cloud.CloudApplication.main(CloudApplication.java:18)
2024-04-11 15:10:07 [main] ERROR o.a.dubbo.config.ReferenceConfig -  [DUBBO] No provider available., dubbo version: 3.2.10, current host: 2.0.0.1, error code: 2-2. This may be caused by provider not started, go to https://dubbo.apache.org/faq/2/2 to find instructions. 
java.lang.IllegalStateException: Failed to check the status of the service com.sosd.cloud.service.DemoService. No provider available for the service com.sosd.cloud.service.DemoService from the url consumer://2.0.0.1/com.sosd.cloud.service.DemoService?application=dubbo-service&background=false&dubbo=2.0.2&executor-management-mode=isolation&file-cache=true&interface=com.sosd.cloud.service.DemoService&logger=slf4j&methods=hello&pid=20464&register.ip=2.0.0.1&release=3.2.10&side=consumer&sticky=false&timestamp=1712819374986&unloadClusterRelated=false to the consumer 2.0.0.1 use dubbo version 3.2.10
	at org.apache.dubbo.config.ReferenceConfig.checkInvokerAvailable(ReferenceConfig.java:740)
	at org.apache.dubbo.config.ReferenceConfig.checkOrDestroy(ReferenceConfig.java:250)
	at org.apache.dubbo.config.utils.SimpleReferenceCache.check(SimpleReferenceCache.java:225)
	at org.apache.dubbo.config.utils.SimpleReferenceCache.check(SimpleReferenceCache.java:233)
	at org.apache.dubbo.config.deploy.DefaultModuleDeployer.checkReferences(DefaultModuleDeployer.java:441)
	at org.apache.dubbo.config.deploy.DefaultModuleDeployer.startSync(DefaultModuleDeployer.java:194)
	at org.apache.dubbo.config.deploy.DefaultModuleDeployer.start(DefaultModuleDeployer.java:156)
	at org.apache.dubbo.config.spring.context.DubboDeployApplicationListener.onContextRefreshedEvent(DubboDeployApplicationListener.java:157)
	at org.apache.dubbo.config.spring.context.DubboDeployApplicationListener.onApplicationEvent(DubboDeployApplicationListener.java:143)
	at org.apache.dubbo.config.spring.context.DubboDeployApplicationListener.onApplicationEvent(DubboDeployApplicationListener.java:52)
	at org.springframework.context.event.SimpleApplicationEventMulticaster.doInvokeListener(SimpleApplicationEventMulticaster.java:176)
	at org.springframework.context.event.SimpleApplicationEventMulticaster.invokeListener(SimpleApplicationEventMulticaster.java:169)
	at org.springframework.context.event.SimpleApplicationEventMulticaster.multicastEvent(SimpleApplicationEventMulticaster.java:143)
	at org.springframework.context.support.AbstractApplicationContext.publishEvent(AbstractApplicationContext.java:421)
	at org.springframework.context.support.AbstractApplicationContext.publishEvent(AbstractApplicationContext.java:378)
	at org.springframework.context.support.AbstractApplicationContext.finishRefresh(AbstractApplicationContext.java:940)
	at org.springframework.context.support.AbstractApplicationContext.refresh(AbstractApplicationContext.java:586)
	at org.springframework.boot.web.servlet.context.ServletWebServerApplicationContext.refresh(ServletWebServerApplicationContext.java:147)
	at org.springframework.boot.SpringApplication.refresh(SpringApplication.java:731)
	at org.springframework.boot.SpringApplication.refreshContext(SpringApplication.java:408)
	at org.springframework.boot.SpringApplication.run(SpringApplication.java:307)
	at org.springframework.boot.SpringApplication.run(SpringApplication.java:1303)
	at org.springframework.boot.SpringApplication.run(SpringApplication.java:1292)
	at com.sosd.cloud.CloudApplication.main(CloudApplication.java:18)
2024-04-11 15:10:07 [main] ERROR o.a.dubbo.config.ReferenceConfig -  [DUBBO] No provider available., dubbo version: 3.2.10, current host: 2.0.0.1, error code: 2-2. This may be caused by server crashed, go to https://dubbo.apache.org/faq/2/2 to find instructions. 
java.lang.IllegalStateException: Failed to check the status of the service com.sosd.cloud.service.DemoService. No provider available for the service com.sosd.cloud.service.DemoService from the url consumer://2.0.0.1/com.sosd.cloud.service.DemoService?application=dubbo-service&background=false&dubbo=2.0.2&executor-management-mode=isolation&file-cache=true&interface=com.sosd.cloud.service.DemoService&logger=slf4j&methods=hello&pid=20464&register.ip=2.0.0.1&release=3.2.10&side=consumer&sticky=false&timestamp=1712819374986&unloadClusterRelated=false to the consumer 2.0.0.1 use dubbo version 3.2.10
	at org.apache.dubbo.config.ReferenceConfig.checkInvokerAvailable(ReferenceConfig.java:740)
	at org.apache.dubbo.config.ReferenceConfig.checkOrDestroy(ReferenceConfig.java:250)
	at org.apache.dubbo.config.utils.SimpleReferenceCache.check(SimpleReferenceCache.java:225)
	at org.apache.dubbo.config.utils.SimpleReferenceCache.check(SimpleReferenceCache.java:233)
	at org.apache.dubbo.config.deploy.DefaultModuleDeployer.checkReferences(DefaultModuleDeployer.java:441)
	at org.apache.dubbo.config.deploy.DefaultModuleDeployer.startSync(DefaultModuleDeployer.java:194)
	at org.apache.dubbo.config.deploy.DefaultModuleDeployer.start(DefaultModuleDeployer.java:156)
	at org.apache.dubbo.config.spring.context.DubboDeployApplicationListener.onContextRefreshedEvent(DubboDeployApplicationListener.java:157)
	at org.apache.dubbo.config.spring.context.DubboDeployApplicationListener.onApplicationEvent(DubboDeployApplicationListener.java:143)
	at org.apache.dubbo.config.spring.context.DubboDeployApplicationListener.onApplicationEvent(DubboDeployApplicationListener.java:52)
	at org.springframework.context.event.SimpleApplicationEventMulticaster.doInvokeListener(SimpleApplicationEventMulticaster.java:176)
	at org.springframework.context.event.SimpleApplicationEventMulticaster.invokeListener(SimpleApplicationEventMulticaster.java:169)
	at org.springframework.context.event.SimpleApplicationEventMulticaster.multicastEvent(SimpleApplicationEventMulticaster.java:143)
	at org.springframework.context.support.AbstractApplicationContext.publishEvent(AbstractApplicationContext.java:421)
	at org.springframework.context.support.AbstractApplicationContext.publishEvent(AbstractApplicationContext.java:378)
	at org.springframework.context.support.AbstractApplicationContext.finishRefresh(AbstractApplicationContext.java:940)
	at org.springframework.context.support.AbstractApplicationContext.refresh(AbstractApplicationContext.java:586)
	at org.springframework.boot.web.servlet.context.ServletWebServerApplicationContext.refresh(ServletWebServerApplicationContext.java:147)
	at org.springframework.boot.SpringApplication.refresh(SpringApplication.java:731)
	at org.springframework.boot.SpringApplication.refreshContext(SpringApplication.java:408)
	at org.springframework.boot.SpringApplication.run(SpringApplication.java:307)
	at org.springframework.boot.SpringApplication.run(SpringApplication.java:1303)
	at org.springframework.boot.SpringApplication.run(SpringApplication.java:1292)
	at com.sosd.cloud.CloudApplication.main(CloudApplication.java:18)
2024-04-11 15:10:07 [main] ERROR o.a.d.c.deploy.DefaultModuleDeployer -  [DUBBO] Model start failed: Dubbo Module[1.1.1] start failed: java.lang.IllegalStateException: Failed to check the status of the service com.sosd.cloud.service.DemoService. No provider available for the service com.sosd.cloud.service.DemoService from the url consumer://2.0.0.1/com.sosd.cloud.service.DemoService?application=dubbo-service&background=false&dubbo=2.0.2&executor-management-mode=isolation&file-cache=true&interface=com.sosd.cloud.service.DemoService&logger=slf4j&methods=hello&pid=20464&register.ip=2.0.0.1&release=3.2.10&side=consumer&sticky=false&timestamp=1712819374986&unloadClusterRelated=false to the consumer 2.0.0.1 use dubbo version 3.2.10, dubbo version: 3.2.10, current host: 2.0.0.1, error code: 5-14. This may be caused by , go to https://dubbo.apache.org/faq/5/14 to find instructions. 
java.lang.IllegalStateException: Failed to check the status of the service com.sosd.cloud.service.DemoService. No provider available for the service com.sosd.cloud.service.DemoService from the url consumer://2.0.0.1/com.sosd.cloud.service.DemoService?application=dubbo-service&background=false&dubbo=2.0.2&executor-management-mode=isolation&file-cache=true&interface=com.sosd.cloud.service.DemoService&logger=slf4j&methods=hello&pid=20464&register.ip=2.0.0.1&release=3.2.10&side=consumer&sticky=false&timestamp=1712819374986&unloadClusterRelated=false to the consumer 2.0.0.1 use dubbo version 3.2.10
	at org.apache.dubbo.config.ReferenceConfig.checkInvokerAvailable(ReferenceConfig.java:740)
	at org.apache.dubbo.config.ReferenceConfig.checkOrDestroy(ReferenceConfig.java:250)
	at org.apache.dubbo.config.utils.SimpleReferenceCache.check(SimpleReferenceCache.java:225)
	at org.apache.dubbo.config.utils.SimpleReferenceCache.check(SimpleReferenceCache.java:233)
	at org.apache.dubbo.config.deploy.DefaultModuleDeployer.checkReferences(DefaultModuleDeployer.java:441)
	at org.apache.dubbo.config.deploy.DefaultModuleDeployer.startSync(DefaultModuleDeployer.java:194)
	at org.apache.dubbo.config.deploy.DefaultModuleDeployer.start(DefaultModuleDeployer.java:156)
	at org.apache.dubbo.config.spring.context.DubboDeployApplicationListener.onContextRefreshedEvent(DubboDeployApplicationListener.java:157)
	at org.apache.dubbo.config.spring.context.DubboDeployApplicationListener.onApplicationEvent(DubboDeployApplicationListener.java:143)
	at org.apache.dubbo.config.spring.context.DubboDeployApplicationListener.onApplicationEvent(DubboDeployApplicationListener.java:52)
	at org.springframework.context.event.SimpleApplicationEventMulticaster.doInvokeListener(SimpleApplicationEventMulticaster.java:176)
	at org.springframework.context.event.SimpleApplicationEventMulticaster.invokeListener(SimpleApplicationEventMulticaster.java:169)
	at org.springframework.context.event.SimpleApplicationEventMulticaster.multicastEvent(SimpleApplicationEventMulticaster.java:143)
	at org.springframework.context.support.AbstractApplicationContext.publishEvent(AbstractApplicationContext.java:421)
	at org.springframework.context.support.AbstractApplicationContext.publishEvent(AbstractApplicationContext.java:378)
	at org.springframework.context.support.AbstractApplicationContext.finishRefresh(AbstractApplicationContext.java:940)
	at org.springframework.context.support.AbstractApplicationContext.refresh(AbstractApplicationContext.java:586)
	at org.springframework.boot.web.servlet.context.ServletWebServerApplicationContext.refresh(ServletWebServerApplicationContext.java:147)
	at org.springframework.boot.SpringApplication.refresh(SpringApplication.java:731)
	at org.springframework.boot.SpringApplication.refreshContext(SpringApplication.java:408)
	at org.springframework.boot.SpringApplication.run(SpringApplication.java:307)
	at org.springframework.boot.SpringApplication.run(SpringApplication.java:1303)
	at org.springframework.boot.SpringApplication.run(SpringApplication.java:1292)
	at com.sosd.cloud.CloudApplication.main(CloudApplication.java:18)
2024-04-11 15:10:07 [main] ERROR o.a.d.c.d.DefaultApplicationDeployer -  [DUBBO] Dubbo Application[1.1](dubbo-service) found failed module: Dubbo Module[1.1.1], dubbo version: 3.2.10, current host: 2.0.0.1, error code: 5-14. This may be caused by , go to https://dubbo.apache.org/faq/5/14 to find instructions. 
java.lang.IllegalStateException: Failed to check the status of the service com.sosd.cloud.service.DemoService. No provider available for the service com.sosd.cloud.service.DemoService from the url consumer://2.0.0.1/com.sosd.cloud.service.DemoService?application=dubbo-service&background=false&dubbo=2.0.2&executor-management-mode=isolation&file-cache=true&interface=com.sosd.cloud.service.DemoService&logger=slf4j&methods=hello&pid=20464&register.ip=2.0.0.1&release=3.2.10&side=consumer&sticky=false&timestamp=1712819374986&unloadClusterRelated=false to the consumer 2.0.0.1 use dubbo version 3.2.10
	at org.apache.dubbo.config.ReferenceConfig.checkInvokerAvailable(ReferenceConfig.java:740)
	at org.apache.dubbo.config.ReferenceConfig.checkOrDestroy(ReferenceConfig.java:250)
	at org.apache.dubbo.config.utils.SimpleReferenceCache.check(SimpleReferenceCache.java:225)
	at org.apache.dubbo.config.utils.SimpleReferenceCache.check(SimpleReferenceCache.java:233)
	at org.apache.dubbo.config.deploy.DefaultModuleDeployer.checkReferences(DefaultModuleDeployer.java:441)
	at org.apache.dubbo.config.deploy.DefaultModuleDeployer.startSync(DefaultModuleDeployer.java:194)
	at org.apache.dubbo.config.deploy.DefaultModuleDeployer.start(DefaultModuleDeployer.java:156)
	at org.apache.dubbo.config.spring.context.DubboDeployApplicationListener.onContextRefreshedEvent(DubboDeployApplicationListener.java:157)
	at org.apache.dubbo.config.spring.context.DubboDeployApplicationListener.onApplicationEvent(DubboDeployApplicationListener.java:143)
	at org.apache.dubbo.config.spring.context.DubboDeployApplicationListener.onApplicationEvent(DubboDeployApplicationListener.java:52)
	at org.springframework.context.event.SimpleApplicationEventMulticaster.doInvokeListener(SimpleApplicationEventMulticaster.java:176)
	at org.springframework.context.event.SimpleApplicationEventMulticaster.invokeListener(SimpleApplicationEventMulticaster.java:169)
	at org.springframework.context.event.SimpleApplicationEventMulticaster.multicastEvent(SimpleApplicationEventMulticaster.java:143)
	at org.springframework.context.support.AbstractApplicationContext.publishEvent(AbstractApplicationContext.java:421)
	at org.springframework.context.support.AbstractApplicationContext.publishEvent(AbstractApplicationContext.java:378)
	at org.springframework.context.support.AbstractApplicationContext.finishRefresh(AbstractApplicationContext.java:940)
	at org.springframework.context.support.AbstractApplicationContext.refresh(AbstractApplicationContext.java:586)
	at org.springframework.boot.web.servlet.context.ServletWebServerApplicationContext.refresh(ServletWebServerApplicationContext.java:147)
	at org.springframework.boot.SpringApplication.refresh(SpringApplication.java:731)
	at org.springframework.boot.SpringApplication.refreshContext(SpringApplication.java:408)
	at org.springframework.boot.SpringApplication.run(SpringApplication.java:307)
	at org.springframework.boot.SpringApplication.run(SpringApplication.java:1303)
	at org.springframework.boot.SpringApplication.run(SpringApplication.java:1292)
	at com.sosd.cloud.CloudApplication.main(CloudApplication.java:18)
2024-04-11 15:10:07 [main] ERROR o.s.boot.SpringApplication - Application run failed
java.lang.IllegalStateException: Failed to check the status of the service com.sosd.cloud.service.DemoService. No provider available for the service com.sosd.cloud.service.DemoService from the url consumer://2.0.0.1/com.sosd.cloud.service.DemoService?application=dubbo-service&background=false&dubbo=2.0.2&executor-management-mode=isolation&file-cache=true&interface=com.sosd.cloud.service.DemoService&logger=slf4j&methods=hello&pid=20464&register.ip=2.0.0.1&release=3.2.10&side=consumer&sticky=false&timestamp=1712819374986&unloadClusterRelated=false to the consumer 2.0.0.1 use dubbo version 3.2.10
	at org.apache.dubbo.config.ReferenceConfig.checkInvokerAvailable(ReferenceConfig.java:740)
	at org.apache.dubbo.config.ReferenceConfig.checkOrDestroy(ReferenceConfig.java:250)
	at org.apache.dubbo.config.utils.SimpleReferenceCache.check(SimpleReferenceCache.java:225)
	at org.apache.dubbo.config.utils.SimpleReferenceCache.check(SimpleReferenceCache.java:233)
	at org.apache.dubbo.config.deploy.DefaultModuleDeployer.checkReferences(DefaultModuleDeployer.java:441)
	at org.apache.dubbo.config.deploy.DefaultModuleDeployer.startSync(DefaultModuleDeployer.java:194)
	at org.apache.dubbo.config.deploy.DefaultModuleDeployer.start(DefaultModuleDeployer.java:156)
	at org.apache.dubbo.config.spring.context.DubboDeployApplicationListener.onContextRefreshedEvent(DubboDeployApplicationListener.java:157)
	at org.apache.dubbo.config.spring.context.DubboDeployApplicationListener.onApplicationEvent(DubboDeployApplicationListener.java:143)
	at org.apache.dubbo.config.spring.context.DubboDeployApplicationListener.onApplicationEvent(DubboDeployApplicationListener.java:52)
	at org.springframework.context.event.SimpleApplicationEventMulticaster.doInvokeListener(SimpleApplicationEventMulticaster.java:176)
	at org.springframework.context.event.SimpleApplicationEventMulticaster.invokeListener(SimpleApplicationEventMulticaster.java:169)
	at org.springframework.context.event.SimpleApplicationEventMulticaster.multicastEvent(SimpleApplicationEventMulticaster.java:143)
	at org.springframework.context.support.AbstractApplicationContext.publishEvent(AbstractApplicationContext.java:421)
	at org.springframework.context.support.AbstractApplicationContext.publishEvent(AbstractApplicationContext.java:378)
	at org.springframework.context.support.AbstractApplicationContext.finishRefresh(AbstractApplicationContext.java:940)
	at org.springframework.context.support.AbstractApplicationContext.refresh(AbstractApplicationContext.java:586)
	at org.springframework.boot.web.servlet.context.ServletWebServerApplicationContext.refresh(ServletWebServerApplicationContext.java:147)
	at org.springframework.boot.SpringApplication.refresh(SpringApplication.java:731)
	at org.springframework.boot.SpringApplication.refreshContext(SpringApplication.java:408)
	at org.springframework.boot.SpringApplication.run(SpringApplication.java:307)
	at org.springframework.boot.SpringApplication.run(SpringApplication.java:1303)
	at org.springframework.boot.SpringApplication.run(SpringApplication.java:1292)
	at com.sosd.cloud.CloudApplication.main(CloudApplication.java:18)
2024-04-11 15:10:08 [SpringApplicationShutdownHook] ERROR o.a.dubbo.config.ReferenceConfig -  [DUBBO] No provider available., dubbo version: 3.2.10, current host: 2.0.0.1, error code: 2-2. This may be caused by provider not started, go to https://dubbo.apache.org/faq/2/2 to find instructions. 
java.lang.IllegalStateException: Failed to check the status of the service com.sosd.cloud.service.DemoService. No provider available for the service com.sosd.cloud.service.DemoService from the url consumer://2.0.0.1/com.sosd.cloud.service.DemoService?application=dubbo-service&background=false&dubbo=2.0.2&executor-management-mode=isolation&file-cache=true&interface=com.sosd.cloud.service.DemoService&logger=slf4j&methods=hello&pid=20464&register.ip=2.0.0.1&release=3.2.10&side=consumer&sticky=false&timestamp=1712819407791&unloadClusterRelated=false to the consumer 2.0.0.1 use dubbo version 3.2.10
	at org.apache.dubbo.config.ReferenceConfig.checkInvokerAvailable(ReferenceConfig.java:740)
	at org.apache.dubbo.config.ReferenceConfig.init(ReferenceConfig.java:379)
	at org.apache.dubbo.config.ReferenceConfig.get(ReferenceConfig.java:238)
	at org.apache.dubbo.config.ReferenceConfigBase.get(ReferenceConfigBase.java:395)
	at org.apache.dubbo.config.utils.SimpleReferenceCache.destroyReference(SimpleReferenceCache.java:294)
	at org.apache.dubbo.config.utils.SimpleReferenceCache.lambda$destroyAll$4(SimpleReferenceCache.java:285)
	at java.base/java.util.concurrent.ConcurrentHashMap.forEach(ConcurrentHashMap.java:1603)
	at org.apache.dubbo.config.utils.SimpleReferenceCache.destroyAll(SimpleReferenceCache.java:283)
	at org.apache.dubbo.config.deploy.DefaultModuleDeployer.unreferServices(DefaultModuleDeployer.java:566)
	at org.apache.dubbo.config.deploy.DefaultModuleDeployer.postDestroy(DefaultModuleDeployer.java:296)
	at org.apache.dubbo.rpc.model.ModuleModel.onDestroy(ModuleModel.java:111)
	at org.apache.dubbo.rpc.model.ScopeModel.destroy(ScopeModel.java:122)
	at org.apache.dubbo.config.spring.context.DubboDeployApplicationListener.onContextClosedEvent(DubboDeployApplicationListener.java:189)
	at org.apache.dubbo.config.spring.context.DubboDeployApplicationListener.onApplicationEvent(DubboDeployApplicationListener.java:145)
	at org.apache.dubbo.config.spring.context.DubboDeployApplicationListener.onApplicationEvent(DubboDeployApplicationListener.java:52)
	at org.springframework.context.event.SimpleApplicationEventMulticaster.doInvokeListener(SimpleApplicationEventMulticaster.java:176)
	at org.springframework.context.event.SimpleApplicationEventMulticaster.invokeListener(SimpleApplicationEventMulticaster.java:169)
	at org.springframework.context.event.SimpleApplicationEventMulticaster.multicastEvent(SimpleApplicationEventMulticaster.java:143)
	at org.springframework.context.support.AbstractApplicationContext.publishEvent(AbstractApplicationContext.java:421)
	at org.springframework.context.support.AbstractApplicationContext.publishEvent(AbstractApplicationContext.java:378)
	at org.springframework.context.support.AbstractApplicationContext.doClose(AbstractApplicationContext.java:1060)
	at org.springframework.boot.web.servlet.context.ServletWebServerApplicationContext.doClose(ServletWebServerApplicationContext.java:174)
	at org.springframework.context.support.AbstractApplicationContext.close(AbstractApplicationContext.java:1023)
	at org.springframework.boot.SpringApplicationShutdownHook.closeAndWait(SpringApplicationShutdownHook.java:145)
	at java.base/java.lang.Iterable.forEach(Iterable.java:75)
	at org.springframework.boot.SpringApplicationShutdownHook.run(SpringApplicationShutdownHook.java:114)
	at java.base/java.lang.Thread.run(Thread.java:1623)
2024-04-11 15:10:08 [SpringApplicationShutdownHook] ERROR o.a.dubbo.config.ReferenceConfig -  [DUBBO] No provider available., dubbo version: 3.2.10, current host: 2.0.0.1, error code: 2-2. This may be caused by server crashed, go to https://dubbo.apache.org/faq/2/2 to find instructions. 
java.lang.IllegalStateException: Failed to check the status of the service com.sosd.cloud.service.DemoService. No provider available for the service com.sosd.cloud.service.DemoService from the url consumer://2.0.0.1/com.sosd.cloud.service.DemoService?application=dubbo-service&background=false&dubbo=2.0.2&executor-management-mode=isolation&file-cache=true&interface=com.sosd.cloud.service.DemoService&logger=slf4j&methods=hello&pid=20464&register.ip=2.0.0.1&release=3.2.10&side=consumer&sticky=false&timestamp=1712819407791&unloadClusterRelated=false to the consumer 2.0.0.1 use dubbo version 3.2.10
	at org.apache.dubbo.config.ReferenceConfig.checkInvokerAvailable(ReferenceConfig.java:740)
	at org.apache.dubbo.config.ReferenceConfig.init(ReferenceConfig.java:379)
	at org.apache.dubbo.config.ReferenceConfig.get(ReferenceConfig.java:238)
	at org.apache.dubbo.config.ReferenceConfigBase.get(ReferenceConfigBase.java:395)
	at org.apache.dubbo.config.utils.SimpleReferenceCache.destroyReference(SimpleReferenceCache.java:294)
	at org.apache.dubbo.config.utils.SimpleReferenceCache.lambda$destroyAll$4(SimpleReferenceCache.java:285)
	at java.base/java.util.concurrent.ConcurrentHashMap.forEach(ConcurrentHashMap.java:1603)
	at org.apache.dubbo.config.utils.SimpleReferenceCache.destroyAll(SimpleReferenceCache.java:283)
	at org.apache.dubbo.config.deploy.DefaultModuleDeployer.unreferServices(DefaultModuleDeployer.java:566)
	at org.apache.dubbo.config.deploy.DefaultModuleDeployer.postDestroy(DefaultModuleDeployer.java:296)
	at org.apache.dubbo.rpc.model.ModuleModel.onDestroy(ModuleModel.java:111)
	at org.apache.dubbo.rpc.model.ScopeModel.destroy(ScopeModel.java:122)
	at org.apache.dubbo.config.spring.context.DubboDeployApplicationListener.onContextClosedEvent(DubboDeployApplicationListener.java:189)
	at org.apache.dubbo.config.spring.context.DubboDeployApplicationListener.onApplicationEvent(DubboDeployApplicationListener.java:145)
	at org.apache.dubbo.config.spring.context.DubboDeployApplicationListener.onApplicationEvent(DubboDeployApplicationListener.java:52)
	at org.springframework.context.event.SimpleApplicationEventMulticaster.doInvokeListener(SimpleApplicationEventMulticaster.java:176)
	at org.springframework.context.event.SimpleApplicationEventMulticaster.invokeListener(SimpleApplicationEventMulticaster.java:169)
	at org.springframework.context.event.SimpleApplicationEventMulticaster.multicastEvent(SimpleApplicationEventMulticaster.java:143)
	at org.springframework.context.support.AbstractApplicationContext.publishEvent(AbstractApplicationContext.java:421)
	at org.springframework.context.support.AbstractApplicationContext.publishEvent(AbstractApplicationContext.java:378)
	at org.springframework.context.support.AbstractApplicationContext.doClose(AbstractApplicationContext.java:1060)
	at org.springframework.boot.web.servlet.context.ServletWebServerApplicationContext.doClose(ServletWebServerApplicationContext.java:174)
	at org.springframework.context.support.AbstractApplicationContext.close(AbstractApplicationContext.java:1023)
	at org.springframework.boot.SpringApplicationShutdownHook.closeAndWait(SpringApplicationShutdownHook.java:145)
	at java.base/java.lang.Iterable.forEach(Iterable.java:75)
	at org.springframework.boot.SpringApplicationShutdownHook.run(SpringApplicationShutdownHook.java:114)
	at java.base/java.lang.Thread.run(Thread.java:1623)
